[2021-12-05 13:15:48] This is codeql database create database --language=javascript
[2021-12-05 13:15:48] Log file was started late.
[2021-12-05 13:15:48] [PROGRESS] database create> Initializing database at E:\lalli\iot\IoTLightningSystem\database.
[2021-12-05 13:15:48] Running plumbing command: codeql database init --language=javascript --source-root=E:\lalli\iot\IoTLightningSystem --allow-missing-source-root=false --allow-already-existing -- E:\lalli\iot\IoTLightningSystem\database
[2021-12-05 13:15:48] [PROGRESS] database init> Counting lines of code in E:\lalli\iot\IoTLightningSystem
[2021-12-05 13:15:50] [PROGRESS] database init> Resolving extractor javascript.
[2021-12-05 13:15:50] Calling plumbing command: codeql resolve languages --format=json
[2021-12-05 13:15:50] [DETAILS] resolve languages> Scanning for [codeql-extractor.yml] from E:\lalli\iot\codeQl\codeql\.codeqlmanifest.json
[2021-12-05 13:15:50] [DETAILS] resolve languages> Parsing E:\lalli\iot\codeQl\codeql\cpp\codeql-extractor.yml.
[2021-12-05 13:15:50] [DETAILS] resolve languages> Parsing E:\lalli\iot\codeQl\codeql\csharp\codeql-extractor.yml.
[2021-12-05 13:15:50] [DETAILS] resolve languages> Parsing E:\lalli\iot\codeQl\codeql\csv\codeql-extractor.yml.
[2021-12-05 13:15:50] [DETAILS] resolve languages> Parsing E:\lalli\iot\codeQl\codeql\go\codeql-extractor.yml.
[2021-12-05 13:15:50] [DETAILS] resolve languages> Parsing E:\lalli\iot\codeQl\codeql\html\codeql-extractor.yml.
[2021-12-05 13:15:50] [DETAILS] resolve languages> Parsing E:\lalli\iot\codeQl\codeql\java\codeql-extractor.yml.
[2021-12-05 13:15:50] [DETAILS] resolve languages> Parsing E:\lalli\iot\codeQl\codeql\javascript\codeql-extractor.yml.
[2021-12-05 13:15:50] [DETAILS] resolve languages> Parsing E:\lalli\iot\codeQl\codeql\properties\codeql-extractor.yml.
[2021-12-05 13:15:50] [DETAILS] resolve languages> Parsing E:\lalli\iot\codeQl\codeql\python\codeql-extractor.yml.
[2021-12-05 13:15:50] [DETAILS] resolve languages> Parsing E:\lalli\iot\codeQl\codeql\ruby\codeql-extractor.yml.
[2021-12-05 13:15:50] [DETAILS] resolve languages> Parsing E:\lalli\iot\codeQl\codeql\xml\codeql-extractor.yml.
[2021-12-05 13:15:50] Plumbing command codeql resolve languages completed:
                      {
                        "extractors" : {
                          "cpp" : [
                            {
                              "extractor_root" : "E:\\lalli\\iot\\codeQl\\codeql\\cpp"
                            }
                          ],
                          "csharp" : [
                            {
                              "extractor_root" : "E:\\lalli\\iot\\codeQl\\codeql\\csharp"
                            }
                          ],
                          "csv" : [
                            {
                              "extractor_root" : "E:\\lalli\\iot\\codeQl\\codeql\\csv"
                            }
                          ],
                          "go" : [
                            {
                              "extractor_root" : "E:\\lalli\\iot\\codeQl\\codeql\\go"
                            }
                          ],
                          "html" : [
                            {
                              "extractor_root" : "E:\\lalli\\iot\\codeQl\\codeql\\html"
                            }
                          ],
                          "java" : [
                            {
                              "extractor_root" : "E:\\lalli\\iot\\codeQl\\codeql\\java"
                            }
                          ],
                          "javascript" : [
                            {
                              "extractor_root" : "E:\\lalli\\iot\\codeQl\\codeql\\javascript"
                            }
                          ],
                          "properties" : [
                            {
                              "extractor_root" : "E:\\lalli\\iot\\codeQl\\codeql\\properties"
                            }
                          ],
                          "python" : [
                            {
                              "extractor_root" : "E:\\lalli\\iot\\codeQl\\codeql\\python"
                            }
                          ],
                          "ruby" : [
                            {
                              "extractor_root" : "E:\\lalli\\iot\\codeQl\\codeql\\ruby"
                            }
                          ],
                          "xml" : [
                            {
                              "extractor_root" : "E:\\lalli\\iot\\codeQl\\codeql\\xml"
                            }
                          ]
                        }
                      }
[2021-12-05 13:15:50] [DETAILS] database init> Found candidate extractor root for javascript: E:\lalli\iot\codeQl\codeql\javascript.
[2021-12-05 13:15:50] [PROGRESS] database init> Successfully loaded extractor JavaScript (javascript) from E:\lalli\iot\codeQl\codeql\javascript.
[2021-12-05 13:15:50] [PROGRESS] database init> Created skeleton CodeQL database at E:\lalli\iot\IoTLightningSystem\database. This in-progress database is ready to be populated by an extractor.
[2021-12-05 13:15:50] Plumbing command codeql database init completed.
[2021-12-05 13:15:50] [PROGRESS] database create> Running build command: []
[2021-12-05 13:15:51] Running plumbing command: codeql database trace-command --working-dir=E:\lalli\iot\IoTLightningSystem --index-traceless-dbs --no-db-cluster -- E:\lalli\iot\IoTLightningSystem\database
[2021-12-05 13:15:51] Using autobuild script E:\lalli\iot\codeQl\codeql\javascript\tools\autobuild.cmd.
[2021-12-05 13:15:51] [PROGRESS] database trace-command> Running command in E:\lalli\iot\IoTLightningSystem: [E:\lalli\iot\codeQl\codeql\javascript\tools\autobuild.cmd]
[2021-12-05 13:15:51] [build-stdout] Single-threaded extraction.
[2021-12-05 13:15:51] [build-stdout] Extracting E:\lalli\iot\IoTLightningSystem\environment\.c9\metadata\environment\lambda-function\assertFunction_index.js
[2021-12-05 13:15:52] [build-stdout] Done extracting E:\lalli\iot\IoTLightningSystem\environment\.c9\metadata\environment\lambda-function\assertFunction_index.js (37 ms)
[2021-12-05 13:15:52] [build-stdout] Extracting E:\lalli\iot\IoTLightningSystem\environment\.c9\metadata\environment\lambda-function\checkLightOnDuration_index.js
[2021-12-05 13:15:52] [build-stdout] Done extracting E:\lalli\iot\IoTLightningSystem\environment\.c9\metadata\environment\lambda-function\checkLightOnDuration_index.js (93 ms)
[2021-12-05 13:15:52] [build-stdout] Extracting E:\lalli\iot\IoTLightningSystem\environment\.c9\metadata\environment\lambda-function\index.js
[2021-12-05 13:15:52] [build-stdout] Done extracting E:\lalli\iot\IoTLightningSystem\environment\.c9\metadata\environment\lambda-function\index.js (9 ms)
[2021-12-05 13:15:52] [build-stdout] Extracting E:\lalli\iot\IoTLightningSystem\environment\.c9\metadata\environment\light-bulb\bulb.js
[2021-12-05 13:15:52] [build-stdout] Done extracting E:\lalli\iot\IoTLightningSystem\environment\.c9\metadata\environment\light-bulb\bulb.js (55 ms)
[2021-12-05 13:15:52] [build-stdout] Extracting E:\lalli\iot\IoTLightningSystem\environment\.c9\metadata\environment\light-sensor\sensor.js
[2021-12-05 13:15:52] [build-stdout] Done extracting E:\lalli\iot\IoTLightningSystem\environment\.c9\metadata\environment\light-sensor\sensor.js (34 ms)
[2021-12-05 13:15:52] [build-stdout] Extracting E:\lalli\iot\IoTLightningSystem\environment\lambda-function\assertFunction_index.js
[2021-12-05 13:15:52] [build-stdout] Done extracting E:\lalli\iot\IoTLightningSystem\environment\lambda-function\assertFunction_index.js (106 ms)
[2021-12-05 13:15:52] [build-stdout] Extracting E:\lalli\iot\IoTLightningSystem\environment\lambda-function\checkLightOnDuration_index.js
[2021-12-05 13:15:52] [build-stdout] Done extracting E:\lalli\iot\IoTLightningSystem\environment\lambda-function\checkLightOnDuration_index.js (26 ms)
[2021-12-05 13:15:52] [build-stdout] Extracting E:\lalli\iot\IoTLightningSystem\environment\lambda-function\index.js
[2021-12-05 13:15:52] [build-stdout] Done extracting E:\lalli\iot\IoTLightningSystem\environment\lambda-function\index.js (17 ms)
[2021-12-05 13:15:52] [build-stdout] Extracting E:\lalli\iot\IoTLightningSystem\environment\light-bulb\bulb.js
[2021-12-05 13:15:52] [build-stdout] Done extracting E:\lalli\iot\IoTLightningSystem\environment\light-bulb\bulb.js (37 ms)
[2021-12-05 13:15:52] [build-stdout] Extracting E:\lalli\iot\IoTLightningSystem\environment\light-sensor\sensor.js
[2021-12-05 13:15:52] [build-stdout] Done extracting E:\lalli\iot\IoTLightningSystem\environment\light-sensor\sensor.js (16 ms)
[2021-12-05 13:15:52] [build-stderr] No externs trap cache found
[2021-12-05 13:15:52] [build-stdout] Extracting E:\lalli\iot\codeQl\codeql\javascript\tools\data\externs\es\es2016.js
[2021-12-05 13:15:52] [build-stdout] Done extracting E:\lalli\iot\codeQl\codeql\javascript\tools\data\externs\es\es2016.js (22 ms)
[2021-12-05 13:15:52] [build-stdout] Extracting E:\lalli\iot\codeQl\codeql\javascript\tools\data\externs\es\es2017.js
[2021-12-05 13:15:52] [build-stdout] Done extracting E:\lalli\iot\codeQl\codeql\javascript\tools\data\externs\es\es2017.js (14 ms)
[2021-12-05 13:15:52] [build-stdout] Extracting E:\lalli\iot\codeQl\codeql\javascript\tools\data\externs\es\es3.js
[2021-12-05 13:15:52] [build-stdout] Done extracting E:\lalli\iot\codeQl\codeql\javascript\tools\data\externs\es\es3.js (196 ms)
[2021-12-05 13:15:52] [build-stdout] Extracting E:\lalli\iot\codeQl\codeql\javascript\tools\data\externs\es\es5.js
[2021-12-05 13:15:52] [build-stdout] Done extracting E:\lalli\iot\codeQl\codeql\javascript\tools\data\externs\es\es5.js (26 ms)
[2021-12-05 13:15:52] [build-stdout] Extracting E:\lalli\iot\codeQl\codeql\javascript\tools\data\externs\es\es6.js
[2021-12-05 13:15:52] [build-stdout] Done extracting E:\lalli\iot\codeQl\codeql\javascript\tools\data\externs\es\es6.js (115 ms)
[2021-12-05 13:15:52] [build-stdout] Extracting E:\lalli\iot\codeQl\codeql\javascript\tools\data\externs\es\es6_collections.js
[2021-12-05 13:15:52] [build-stdout] Done extracting E:\lalli\iot\codeQl\codeql\javascript\tools\data\externs\es\es6_collections.js (25 ms)
[2021-12-05 13:15:52] [build-stdout] Extracting E:\lalli\iot\codeQl\codeql\javascript\tools\data\externs\es\intl.js
[2021-12-05 13:15:52] [build-stdout] Done extracting E:\lalli\iot\codeQl\codeql\javascript\tools\data\externs\es\intl.js (23 ms)
[2021-12-05 13:15:52] [build-stdout] Extracting E:\lalli\iot\codeQl\codeql\javascript\tools\data\externs\es\proxy.js
[2021-12-05 13:15:52] [build-stdout] Done extracting E:\lalli\iot\codeQl\codeql\javascript\tools\data\externs\es\proxy.js (6 ms)
[2021-12-05 13:15:52] [build-stdout] Extracting E:\lalli\iot\codeQl\codeql\javascript\tools\data\externs\lib\bdd.js
[2021-12-05 13:15:52] [build-stdout] Done extracting E:\lalli\iot\codeQl\codeql\javascript\tools\data\externs\lib\bdd.js (13 ms)
[2021-12-05 13:15:52] [build-stdout] Extracting E:\lalli\iot\codeQl\codeql\javascript\tools\data\externs\lib\jquery-3.2.js
[2021-12-05 13:15:53] [build-stdout] Done extracting E:\lalli\iot\codeQl\codeql\javascript\tools\data\externs\lib\jquery-3.2.js (179 ms)
[2021-12-05 13:15:53] [build-stdout] Extracting E:\lalli\iot\codeQl\codeql\javascript\tools\data\externs\lib\should.js
[2021-12-05 13:15:53] [build-stdout] Done extracting E:\lalli\iot\codeQl\codeql\javascript\tools\data\externs\lib\should.js (22 ms)
[2021-12-05 13:15:53] [build-stdout] Extracting E:\lalli\iot\codeQl\codeql\javascript\tools\data\externs\lib\vows.js
[2021-12-05 13:15:53] [build-stdout] Done extracting E:\lalli\iot\codeQl\codeql\javascript\tools\data\externs\lib\vows.js (26 ms)
[2021-12-05 13:15:53] [build-stdout] Extracting E:\lalli\iot\codeQl\codeql\javascript\tools\data\externs\nodejs\assert.js
[2021-12-05 13:15:53] [build-stdout] Done extracting E:\lalli\iot\codeQl\codeql\javascript\tools\data\externs\nodejs\assert.js (28 ms)
[2021-12-05 13:15:53] [build-stdout] Extracting E:\lalli\iot\codeQl\codeql\javascript\tools\data\externs\nodejs\assert_legacy.js
[2021-12-05 13:15:53] [build-stdout] Done extracting E:\lalli\iot\codeQl\codeql\javascript\tools\data\externs\nodejs\assert_legacy.js (6 ms)
[2021-12-05 13:15:53] [build-stdout] Extracting E:\lalli\iot\codeQl\codeql\javascript\tools\data\externs\nodejs\buffer.js
[2021-12-05 13:15:53] [build-stdout] Done extracting E:\lalli\iot\codeQl\codeql\javascript\tools\data\externs\nodejs\buffer.js (17 ms)
[2021-12-05 13:15:53] [build-stdout] Extracting E:\lalli\iot\codeQl\codeql\javascript\tools\data\externs\nodejs\child_process.js
[2021-12-05 13:15:53] [build-stdout] Done extracting E:\lalli\iot\codeQl\codeql\javascript\tools\data\externs\nodejs\child_process.js (71 ms)
[2021-12-05 13:15:53] [build-stdout] Extracting E:\lalli\iot\codeQl\codeql\javascript\tools\data\externs\nodejs\cluster.js
[2021-12-05 13:15:53] [build-stdout] Done extracting E:\lalli\iot\codeQl\codeql\javascript\tools\data\externs\nodejs\cluster.js (93 ms)
[2021-12-05 13:15:53] [build-stdout] Extracting E:\lalli\iot\codeQl\codeql\javascript\tools\data\externs\nodejs\console.js
[2021-12-05 13:15:53] [build-stdout] Done extracting E:\lalli\iot\codeQl\codeql\javascript\tools\data\externs\nodejs\console.js (8 ms)
[2021-12-05 13:15:53] [build-stdout] Extracting E:\lalli\iot\codeQl\codeql\javascript\tools\data\externs\nodejs\constants.js
[2021-12-05 13:15:53] [build-stdout] Done extracting E:\lalli\iot\codeQl\codeql\javascript\tools\data\externs\nodejs\constants.js (121 ms)
[2021-12-05 13:15:53] [build-stdout] Extracting E:\lalli\iot\codeQl\codeql\javascript\tools\data\externs\nodejs\crypto.js
[2021-12-05 13:15:53] [build-stdout] Done extracting E:\lalli\iot\codeQl\codeql\javascript\tools\data\externs\nodejs\crypto.js (75 ms)
[2021-12-05 13:15:53] [build-stdout] Extracting E:\lalli\iot\codeQl\codeql\javascript\tools\data\externs\nodejs\dgram.js
[2021-12-05 13:15:53] [build-stdout] Done extracting E:\lalli\iot\codeQl\codeql\javascript\tools\data\externs\nodejs\dgram.js (22 ms)
[2021-12-05 13:15:53] [build-stdout] Extracting E:\lalli\iot\codeQl\codeql\javascript\tools\data\externs\nodejs\dns.js
[2021-12-05 13:15:53] [build-stdout] Done extracting E:\lalli\iot\codeQl\codeql\javascript\tools\data\externs\nodejs\dns.js (27 ms)
[2021-12-05 13:15:53] [build-stdout] Extracting E:\lalli\iot\codeQl\codeql\javascript\tools\data\externs\nodejs\domain.js
[2021-12-05 13:15:53] [build-stdout] Done extracting E:\lalli\iot\codeQl\codeql\javascript\tools\data\externs\nodejs\domain.js (15 ms)
[2021-12-05 13:15:53] [build-stdout] Extracting E:\lalli\iot\codeQl\codeql\javascript\tools\data\externs\nodejs\events.js
[2021-12-05 13:15:53] [build-stdout] Done extracting E:\lalli\iot\codeQl\codeql\javascript\tools\data\externs\nodejs\events.js (14 ms)
[2021-12-05 13:15:53] [build-stdout] Extracting E:\lalli\iot\codeQl\codeql\javascript\tools\data\externs\nodejs\fs.js
[2021-12-05 13:15:53] [build-stdout] Done extracting E:\lalli\iot\codeQl\codeql\javascript\tools\data\externs\nodejs\fs.js (123 ms)
[2021-12-05 13:15:53] [build-stdout] Extracting E:\lalli\iot\codeQl\codeql\javascript\tools\data\externs\nodejs\globals.js
[2021-12-05 13:15:53] [build-stdout] Done extracting E:\lalli\iot\codeQl\codeql\javascript\tools\data\externs\nodejs\globals.js (118 ms)
[2021-12-05 13:15:53] [build-stdout] Extracting E:\lalli\iot\codeQl\codeql\javascript\tools\data\externs\nodejs\http.js
[2021-12-05 13:15:53] [build-stdout] Done extracting E:\lalli\iot\codeQl\codeql\javascript\tools\data\externs\nodejs\http.js (46 ms)
[2021-12-05 13:15:53] [build-stdout] Extracting E:\lalli\iot\codeQl\codeql\javascript\tools\data\externs\nodejs\https.js
[2021-12-05 13:15:53] [build-stdout] Done extracting E:\lalli\iot\codeQl\codeql\javascript\tools\data\externs\nodejs\https.js (24 ms)
[2021-12-05 13:15:53] [build-stdout] Extracting E:\lalli\iot\codeQl\codeql\javascript\tools\data\externs\nodejs\module.js
[2021-12-05 13:15:53] [build-stdout] Done extracting E:\lalli\iot\codeQl\codeql\javascript\tools\data\externs\nodejs\module.js (15 ms)
[2021-12-05 13:15:53] [build-stdout] Extracting E:\lalli\iot\codeQl\codeql\javascript\tools\data\externs\nodejs\net.js
[2021-12-05 13:15:53] [build-stdout] Done extracting E:\lalli\iot\codeQl\codeql\javascript\tools\data\externs\nodejs\net.js (43 ms)
[2021-12-05 13:15:53] [build-stdout] Extracting E:\lalli\iot\codeQl\codeql\javascript\tools\data\externs\nodejs\os.js
[2021-12-05 13:15:54] [build-stdout] Done extracting E:\lalli\iot\codeQl\codeql\javascript\tools\data\externs\nodejs\os.js (36 ms)
[2021-12-05 13:15:54] [build-stdout] Extracting E:\lalli\iot\codeQl\codeql\javascript\tools\data\externs\nodejs\path.js
[2021-12-05 13:15:54] [build-stdout] Done extracting E:\lalli\iot\codeQl\codeql\javascript\tools\data\externs\nodejs\path.js (34 ms)
[2021-12-05 13:15:54] [build-stdout] Extracting E:\lalli\iot\codeQl\codeql\javascript\tools\data\externs\nodejs\process.js
[2021-12-05 13:15:54] [build-stdout] Done extracting E:\lalli\iot\codeQl\codeql\javascript\tools\data\externs\nodejs\process.js (8 ms)
[2021-12-05 13:15:54] [build-stdout] Extracting E:\lalli\iot\codeQl\codeql\javascript\tools\data\externs\nodejs\punycode.js
[2021-12-05 13:15:54] [build-stdout] Done extracting E:\lalli\iot\codeQl\codeql\javascript\tools\data\externs\nodejs\punycode.js (12 ms)
[2021-12-05 13:15:54] [build-stdout] Extracting E:\lalli\iot\codeQl\codeql\javascript\tools\data\externs\nodejs\querystring.js
[2021-12-05 13:15:54] [build-stdout] Done extracting E:\lalli\iot\codeQl\codeql\javascript\tools\data\externs\nodejs\querystring.js (16 ms)
[2021-12-05 13:15:54] [build-stdout] Extracting E:\lalli\iot\codeQl\codeql\javascript\tools\data\externs\nodejs\readline.js
[2021-12-05 13:15:54] [build-stdout] Done extracting E:\lalli\iot\codeQl\codeql\javascript\tools\data\externs\nodejs\readline.js (23 ms)
[2021-12-05 13:15:54] [build-stdout] Extracting E:\lalli\iot\codeQl\codeql\javascript\tools\data\externs\nodejs\repl.js
[2021-12-05 13:15:54] [build-stdout] Done extracting E:\lalli\iot\codeQl\codeql\javascript\tools\data\externs\nodejs\repl.js (16 ms)
[2021-12-05 13:15:54] [build-stdout] Extracting E:\lalli\iot\codeQl\codeql\javascript\tools\data\externs\nodejs\stream.js
[2021-12-05 13:15:54] [build-stdout] Done extracting E:\lalli\iot\codeQl\codeql\javascript\tools\data\externs\nodejs\stream.js (67 ms)
[2021-12-05 13:15:54] [build-stdout] Extracting E:\lalli\iot\codeQl\codeql\javascript\tools\data\externs\nodejs\string_decoder.js
[2021-12-05 13:15:54] [build-stdout] Done extracting E:\lalli\iot\codeQl\codeql\javascript\tools\data\externs\nodejs\string_decoder.js (10 ms)
[2021-12-05 13:15:54] [build-stdout] Extracting E:\lalli\iot\codeQl\codeql\javascript\tools\data\externs\nodejs\sys.js
[2021-12-05 13:15:54] [build-stdout] Done extracting E:\lalli\iot\codeQl\codeql\javascript\tools\data\externs\nodejs\sys.js (8 ms)
[2021-12-05 13:15:54] [build-stdout] Extracting E:\lalli\iot\codeQl\codeql\javascript\tools\data\externs\nodejs\timers.js
[2021-12-05 13:15:54] [build-stdout] Done extracting E:\lalli\iot\codeQl\codeql\javascript\tools\data\externs\nodejs\timers.js (15 ms)
[2021-12-05 13:15:54] [build-stdout] Extracting E:\lalli\iot\codeQl\codeql\javascript\tools\data\externs\nodejs\tls.js
[2021-12-05 13:15:54] [build-stdout] Done extracting E:\lalli\iot\codeQl\codeql\javascript\tools\data\externs\nodejs\tls.js (46 ms)
[2021-12-05 13:15:54] [build-stdout] Extracting E:\lalli\iot\codeQl\codeql\javascript\tools\data\externs\nodejs\tty.js
[2021-12-05 13:15:54] [build-stdout] Done extracting E:\lalli\iot\codeQl\codeql\javascript\tools\data\externs\nodejs\tty.js (12 ms)
[2021-12-05 13:15:54] [build-stdout] Extracting E:\lalli\iot\codeQl\codeql\javascript\tools\data\externs\nodejs\url.js
[2021-12-05 13:15:54] [build-stdout] Done extracting E:\lalli\iot\codeQl\codeql\javascript\tools\data\externs\nodejs\url.js (13 ms)
[2021-12-05 13:15:54] [build-stdout] Extracting E:\lalli\iot\codeQl\codeql\javascript\tools\data\externs\nodejs\util.js
[2021-12-05 13:15:54] [build-stdout] Done extracting E:\lalli\iot\codeQl\codeql\javascript\tools\data\externs\nodejs\util.js (20 ms)
[2021-12-05 13:15:54] [build-stdout] Extracting E:\lalli\iot\codeQl\codeql\javascript\tools\data\externs\nodejs\v8.js
[2021-12-05 13:15:54] [build-stdout] Done extracting E:\lalli\iot\codeQl\codeql\javascript\tools\data\externs\nodejs\v8.js (10 ms)
[2021-12-05 13:15:54] [build-stdout] Extracting E:\lalli\iot\codeQl\codeql\javascript\tools\data\externs\nodejs\vm.js
[2021-12-05 13:15:54] [build-stdout] Done extracting E:\lalli\iot\codeQl\codeql\javascript\tools\data\externs\nodejs\vm.js (14 ms)
[2021-12-05 13:15:54] [build-stdout] Extracting E:\lalli\iot\codeQl\codeql\javascript\tools\data\externs\nodejs\zlib.js
[2021-12-05 13:15:54] [build-stdout] Done extracting E:\lalli\iot\codeQl\codeql\javascript\tools\data\externs\nodejs\zlib.js (33 ms)
[2021-12-05 13:15:54] [build-stdout] Extracting E:\lalli\iot\codeQl\codeql\javascript\tools\data\externs\vm\jsshell.js
[2021-12-05 13:15:54] [build-stdout] Done extracting E:\lalli\iot\codeQl\codeql\javascript\tools\data\externs\vm\jsshell.js (42 ms)
[2021-12-05 13:15:54] [build-stdout] Extracting E:\lalli\iot\codeQl\codeql\javascript\tools\data\externs\vm\rhino.js
[2021-12-05 13:15:54] [build-stdout] Done extracting E:\lalli\iot\codeQl\codeql\javascript\tools\data\externs\vm\rhino.js (13 ms)
[2021-12-05 13:15:54] [build-stdout] Extracting E:\lalli\iot\codeQl\codeql\javascript\tools\data\externs\vm\spidermonkey.js
[2021-12-05 13:15:54] [build-stdout] Done extracting E:\lalli\iot\codeQl\codeql\javascript\tools\data\externs\vm\spidermonkey.js (7 ms)
[2021-12-05 13:15:54] [build-stdout] Extracting E:\lalli\iot\codeQl\codeql\javascript\tools\data\externs\vm\v8.js
[2021-12-05 13:15:54] [build-stdout] Done extracting E:\lalli\iot\codeQl\codeql\javascript\tools\data\externs\vm\v8.js (9 ms)
[2021-12-05 13:15:54] [build-stdout] Extracting E:\lalli\iot\codeQl\codeql\javascript\tools\data\externs\web\chrome.js
[2021-12-05 13:15:54] [build-stdout] Done extracting E:\lalli\iot\codeQl\codeql\javascript\tools\data\externs\web\chrome.js (32 ms)
[2021-12-05 13:15:54] [build-stdout] Extracting E:\lalli\iot\codeQl\codeql\javascript\tools\data\externs\web\fetchapi.js
[2021-12-05 13:15:54] [build-stdout] Done extracting E:\lalli\iot\codeQl\codeql\javascript\tools\data\externs\web\fetchapi.js (31 ms)
[2021-12-05 13:15:54] [build-stdout] Extracting E:\lalli\iot\codeQl\codeql\javascript\tools\data\externs\web\fileapi.js
[2021-12-05 13:15:54] [build-stdout] Done extracting E:\lalli\iot\codeQl\codeql\javascript\tools\data\externs\web\fileapi.js (56 ms)
[2021-12-05 13:15:54] [build-stdout] Extracting E:\lalli\iot\codeQl\codeql\javascript\tools\data\externs\web\flash.js
[2021-12-05 13:15:54] [build-stdout] Done extracting E:\lalli\iot\codeQl\codeql\javascript\tools\data\externs\web\flash.js (19 ms)
[2021-12-05 13:15:54] [build-stdout] Extracting E:\lalli\iot\codeQl\codeql\javascript\tools\data\externs\web\gecko_css.js
[2021-12-05 13:15:54] [build-stdout] Done extracting E:\lalli\iot\codeQl\codeql\javascript\tools\data\externs\web\gecko_css.js (19 ms)
[2021-12-05 13:15:54] [build-stdout] Extracting E:\lalli\iot\codeQl\codeql\javascript\tools\data\externs\web\gecko_dom.js
[2021-12-05 13:15:54] [build-stdout] Done extracting E:\lalli\iot\codeQl\codeql\javascript\tools\data\externs\web\gecko_dom.js (68 ms)
[2021-12-05 13:15:54] [build-stdout] Extracting E:\lalli\iot\codeQl\codeql\javascript\tools\data\externs\web\gecko_event.js
[2021-12-05 13:15:54] [build-stdout] Done extracting E:\lalli\iot\codeQl\codeql\javascript\tools\data\externs\web\gecko_event.js (14 ms)
[2021-12-05 13:15:54] [build-stdout] Extracting E:\lalli\iot\codeQl\codeql\javascript\tools\data\externs\web\gecko_ext.js
[2021-12-05 13:15:54] [build-stdout] Done extracting E:\lalli\iot\codeQl\codeql\javascript\tools\data\externs\web\gecko_ext.js (6 ms)
[2021-12-05 13:15:54] [build-stdout] Extracting E:\lalli\iot\codeQl\codeql\javascript\tools\data\externs\web\gecko_xml.js
[2021-12-05 13:15:54] [build-stdout] Done extracting E:\lalli\iot\codeQl\codeql\javascript\tools\data\externs\web\gecko_xml.js (9 ms)
[2021-12-05 13:15:54] [build-stdout] Extracting E:\lalli\iot\codeQl\codeql\javascript\tools\data\externs\web\html5.js
[2021-12-05 13:15:54] [build-stdout] Done extracting E:\lalli\iot\codeQl\codeql\javascript\tools\data\externs\web\html5.js (214 ms)
[2021-12-05 13:15:54] [build-stdout] Extracting E:\lalli\iot\codeQl\codeql\javascript\tools\data\externs\web\ie_css.js
[2021-12-05 13:15:54] [build-stdout] Done extracting E:\lalli\iot\codeQl\codeql\javascript\tools\data\externs\web\ie_css.js (15 ms)
[2021-12-05 13:15:54] [build-stdout] Extracting E:\lalli\iot\codeQl\codeql\javascript\tools\data\externs\web\ie_dom.js
[2021-12-05 13:15:55] [build-stdout] Done extracting E:\lalli\iot\codeQl\codeql\javascript\tools\data\externs\web\ie_dom.js (55 ms)
[2021-12-05 13:15:55] [build-stdout] Extracting E:\lalli\iot\codeQl\codeql\javascript\tools\data\externs\web\ie_event.js
[2021-12-05 13:15:55] [build-stdout] Done extracting E:\lalli\iot\codeQl\codeql\javascript\tools\data\externs\web\ie_event.js (20 ms)
[2021-12-05 13:15:55] [build-stdout] Extracting E:\lalli\iot\codeQl\codeql\javascript\tools\data\externs\web\ie_vml.js
[2021-12-05 13:15:55] [build-stdout] Done extracting E:\lalli\iot\codeQl\codeql\javascript\tools\data\externs\web\ie_vml.js (8 ms)
[2021-12-05 13:15:55] [build-stdout] Extracting E:\lalli\iot\codeQl\codeql\javascript\tools\data\externs\web\intl.js
[2021-12-05 13:15:55] [build-stdout] Done extracting E:\lalli\iot\codeQl\codeql\javascript\tools\data\externs\web\intl.js (16 ms)
[2021-12-05 13:15:55] [build-stdout] Extracting E:\lalli\iot\codeQl\codeql\javascript\tools\data\externs\web\iphone.js
[2021-12-05 13:15:55] [build-stdout] Done extracting E:\lalli\iot\codeQl\codeql\javascript\tools\data\externs\web\iphone.js (10 ms)
[2021-12-05 13:15:55] [build-stdout] Extracting E:\lalli\iot\codeQl\codeql\javascript\tools\data\externs\web\mediasource.js
[2021-12-05 13:15:55] [build-stdout] Done extracting E:\lalli\iot\codeQl\codeql\javascript\tools\data\externs\web\mediasource.js (10 ms)
[2021-12-05 13:15:55] [build-stdout] Extracting E:\lalli\iot\codeQl\codeql\javascript\tools\data\externs\web\page_visibility.js
[2021-12-05 13:15:55] [build-stdout] Done extracting E:\lalli\iot\codeQl\codeql\javascript\tools\data\externs\web\page_visibility.js (5 ms)
[2021-12-05 13:15:55] [build-stdout] Extracting E:\lalli\iot\codeQl\codeql\javascript\tools\data\externs\web\streamsapi.js
[2021-12-05 13:15:55] [build-stdout] Done extracting E:\lalli\iot\codeQl\codeql\javascript\tools\data\externs\web\streamsapi.js (22 ms)
[2021-12-05 13:15:55] [build-stdout] Extracting E:\lalli\iot\codeQl\codeql\javascript\tools\data\externs\web\url.js
[2021-12-05 13:15:55] [build-stdout] Done extracting E:\lalli\iot\codeQl\codeql\javascript\tools\data\externs\web\url.js (11 ms)
[2021-12-05 13:15:55] [build-stdout] Extracting E:\lalli\iot\codeQl\codeql\javascript\tools\data\externs\web\w3c_anim_timing.js
[2021-12-05 13:15:55] [build-stdout] Done extracting E:\lalli\iot\codeQl\codeql\javascript\tools\data\externs\web\w3c_anim_timing.js (8 ms)
[2021-12-05 13:15:55] [build-stdout] Extracting E:\lalli\iot\codeQl\codeql\javascript\tools\data\externs\web\w3c_batterystatus.js
[2021-12-05 13:15:55] [build-stdout] Done extracting E:\lalli\iot\codeQl\codeql\javascript\tools\data\externs\web\w3c_batterystatus.js (5 ms)
[2021-12-05 13:15:55] [build-stdout] Extracting E:\lalli\iot\codeQl\codeql\javascript\tools\data\externs\web\w3c_css.js
[2021-12-05 13:15:55] [build-stdout] Done extracting E:\lalli\iot\codeQl\codeql\javascript\tools\data\externs\web\w3c_css.js (89 ms)
[2021-12-05 13:15:55] [build-stdout] Extracting E:\lalli\iot\codeQl\codeql\javascript\tools\data\externs\web\w3c_css3d.js
[2021-12-05 13:15:55] [build-stdout] Done extracting E:\lalli\iot\codeQl\codeql\javascript\tools\data\externs\web\w3c_css3d.js (13 ms)
[2021-12-05 13:15:55] [build-stdout] Extracting E:\lalli\iot\codeQl\codeql\javascript\tools\data\externs\web\w3c_device_sensor_event.js
[2021-12-05 13:15:55] [build-stdout] Done extracting E:\lalli\iot\codeQl\codeql\javascript\tools\data\externs\web\w3c_device_sensor_event.js (6 ms)
[2021-12-05 13:15:55] [build-stdout] Extracting E:\lalli\iot\codeQl\codeql\javascript\tools\data\externs\web\w3c_dom1.js
[2021-12-05 13:15:55] [build-stdout] Done extracting E:\lalli\iot\codeQl\codeql\javascript\tools\data\externs\web\w3c_dom1.js (52 ms)
[2021-12-05 13:15:55] [build-stdout] Extracting E:\lalli\iot\codeQl\codeql\javascript\tools\data\externs\web\w3c_dom2.js
[2021-12-05 13:15:55] [build-stdout] Done extracting E:\lalli\iot\codeQl\codeql\javascript\tools\data\externs\web\w3c_dom2.js (91 ms)
[2021-12-05 13:15:55] [build-stdout] Extracting E:\lalli\iot\codeQl\codeql\javascript\tools\data\externs\web\w3c_dom3.js
[2021-12-05 13:15:55] [build-stdout] Done extracting E:\lalli\iot\codeQl\codeql\javascript\tools\data\externs\web\w3c_dom3.js (44 ms)
[2021-12-05 13:15:55] [build-stdout] Extracting E:\lalli\iot\codeQl\codeql\javascript\tools\data\externs\web\w3c_dom4.js
[2021-12-05 13:15:55] [build-stdout] Done extracting E:\lalli\iot\codeQl\codeql\javascript\tools\data\externs\web\w3c_dom4.js (7 ms)
[2021-12-05 13:15:55] [build-stdout] Extracting E:\lalli\iot\codeQl\codeql\javascript\tools\data\externs\web\w3c_elementtraversal.js
[2021-12-05 13:15:55] [build-stdout] Done extracting E:\lalli\iot\codeQl\codeql\javascript\tools\data\externs\web\w3c_elementtraversal.js (6 ms)
[2021-12-05 13:15:55] [build-stdout] Extracting E:\lalli\iot\codeQl\codeql\javascript\tools\data\externs\web\w3c_encoding.js
[2021-12-05 13:15:55] [build-stdout] Done extracting E:\lalli\iot\codeQl\codeql\javascript\tools\data\externs\web\w3c_encoding.js (6 ms)
[2021-12-05 13:15:55] [build-stdout] Extracting E:\lalli\iot\codeQl\codeql\javascript\tools\data\externs\web\w3c_event.js
[2021-12-05 13:15:55] [build-stdout] Done extracting E:\lalli\iot\codeQl\codeql\javascript\tools\data\externs\web\w3c_event.js (25 ms)
[2021-12-05 13:15:55] [build-stdout] Extracting E:\lalli\iot\codeQl\codeql\javascript\tools\data\externs\web\w3c_event3.js
[2021-12-05 13:15:55] [build-stdout] Done extracting E:\lalli\iot\codeQl\codeql\javascript\tools\data\externs\web\w3c_event3.js (9 ms)
[2021-12-05 13:15:55] [build-stdout] Extracting E:\lalli\iot\codeQl\codeql\javascript\tools\data\externs\web\w3c_gamepad.js
[2021-12-05 13:15:55] [build-stdout] Done extracting E:\lalli\iot\codeQl\codeql\javascript\tools\data\externs\web\w3c_gamepad.js (6 ms)
[2021-12-05 13:15:55] [build-stdout] Extracting E:\lalli\iot\codeQl\codeql\javascript\tools\data\externs\web\w3c_geolocation.js
[2021-12-05 13:15:55] [build-stdout] Done extracting E:\lalli\iot\codeQl\codeql\javascript\tools\data\externs\web\w3c_geolocation.js (10 ms)
[2021-12-05 13:15:55] [build-stdout] Extracting E:\lalli\iot\codeQl\codeql\javascript\tools\data\externs\web\w3c_indexeddb.js
[2021-12-05 13:15:55] [build-stdout] Done extracting E:\lalli\iot\codeQl\codeql\javascript\tools\data\externs\web\w3c_indexeddb.js (34 ms)
[2021-12-05 13:15:55] [build-stdout] Extracting E:\lalli\iot\codeQl\codeql\javascript\tools\data\externs\web\w3c_midi.js
[2021-12-05 13:15:55] [build-stdout] Done extracting E:\lalli\iot\codeQl\codeql\javascript\tools\data\externs\web\w3c_midi.js (14 ms)
[2021-12-05 13:15:55] [build-stdout] Extracting E:\lalli\iot\codeQl\codeql\javascript\tools\data\externs\web\w3c_navigation_timing.js
[2021-12-05 13:15:55] [build-stdout] Done extracting E:\lalli\iot\codeQl\codeql\javascript\tools\data\externs\web\w3c_navigation_timing.js (16 ms)
[2021-12-05 13:15:55] [build-stdout] Extracting E:\lalli\iot\codeQl\codeql\javascript\tools\data\externs\web\w3c_permissions.js
[2021-12-05 13:15:55] [build-stdout] Done extracting E:\lalli\iot\codeQl\codeql\javascript\tools\data\externs\web\w3c_permissions.js (6 ms)
[2021-12-05 13:15:55] [build-stdout] Extracting E:\lalli\iot\codeQl\codeql\javascript\tools\data\externs\web\w3c_pointer_events.js
[2021-12-05 13:15:55] [build-stdout] Done extracting E:\lalli\iot\codeQl\codeql\javascript\tools\data\externs\web\w3c_pointer_events.js (8 ms)
[2021-12-05 13:15:55] [build-stdout] Extracting E:\lalli\iot\codeQl\codeql\javascript\tools\data\externs\web\w3c_range.js
[2021-12-05 13:15:55] [build-stdout] Done extracting E:\lalli\iot\codeQl\codeql\javascript\tools\data\externs\web\w3c_range.js (11 ms)
[2021-12-05 13:15:55] [build-stdout] Extracting E:\lalli\iot\codeQl\codeql\javascript\tools\data\externs\web\w3c_requestidlecallback.js
[2021-12-05 13:15:55] [build-stdout] Done extracting E:\lalli\iot\codeQl\codeql\javascript\tools\data\externs\web\w3c_requestidlecallback.js (7 ms)
[2021-12-05 13:15:55] [build-stdout] Extracting E:\lalli\iot\codeQl\codeql\javascript\tools\data\externs\web\w3c_rtc.js
[2021-12-05 13:15:55] [build-stdout] Done extracting E:\lalli\iot\codeQl\codeql\javascript\tools\data\externs\web\w3c_rtc.js (94 ms)
[2021-12-05 13:15:55] [build-stdout] Extracting E:\lalli\iot\codeQl\codeql\javascript\tools\data\externs\web\w3c_screen_orientation.js
[2021-12-05 13:15:55] [build-stdout] Done extracting E:\lalli\iot\codeQl\codeql\javascript\tools\data\externs\web\w3c_screen_orientation.js (6 ms)
[2021-12-05 13:15:55] [build-stdout] Extracting E:\lalli\iot\codeQl\codeql\javascript\tools\data\externs\web\w3c_selectors.js
[2021-12-05 13:15:55] [build-stdout] Done extracting E:\lalli\iot\codeQl\codeql\javascript\tools\data\externs\web\w3c_selectors.js (7 ms)
[2021-12-05 13:15:55] [build-stdout] Extracting E:\lalli\iot\codeQl\codeql\javascript\tools\data\externs\web\w3c_serviceworker.js
[2021-12-05 13:15:55] [build-stdout] Done extracting E:\lalli\iot\codeQl\codeql\javascript\tools\data\externs\web\w3c_serviceworker.js (28 ms)
[2021-12-05 13:15:55] [build-stdout] Extracting E:\lalli\iot\codeQl\codeql\javascript\tools\data\externs\web\w3c_touch_event.js
[2021-12-05 13:15:55] [build-stdout] Done extracting E:\lalli\iot\codeQl\codeql\javascript\tools\data\externs\web\w3c_touch_event.js (13 ms)
[2021-12-05 13:15:55] [build-stdout] Extracting E:\lalli\iot\codeQl\codeql\javascript\tools\data\externs\web\w3c_webcrypto.js
[2021-12-05 13:15:55] [build-stdout] Done extracting E:\lalli\iot\codeQl\codeql\javascript\tools\data\externs\web\w3c_webcrypto.js (19 ms)
[2021-12-05 13:15:55] [build-stdout] Extracting E:\lalli\iot\codeQl\codeql\javascript\tools\data\externs\web\w3c_xml.js
[2021-12-05 13:15:55] [build-stdout] Done extracting E:\lalli\iot\codeQl\codeql\javascript\tools\data\externs\web\w3c_xml.js (17 ms)
[2021-12-05 13:15:55] [build-stdout] Extracting E:\lalli\iot\codeQl\codeql\javascript\tools\data\externs\web\webgl.js
[2021-12-05 13:15:55] [build-stdout] Done extracting E:\lalli\iot\codeQl\codeql\javascript\tools\data\externs\web\webgl.js (160 ms)
[2021-12-05 13:15:55] [build-stdout] Extracting E:\lalli\iot\codeQl\codeql\javascript\tools\data\externs\web\webkit_css.js
[2021-12-05 13:15:56] [build-stdout] Done extracting E:\lalli\iot\codeQl\codeql\javascript\tools\data\externs\web\webkit_css.js (65 ms)
[2021-12-05 13:15:56] [build-stdout] Extracting E:\lalli\iot\codeQl\codeql\javascript\tools\data\externs\web\webkit_dom.js
[2021-12-05 13:15:56] [build-stdout] Done extracting E:\lalli\iot\codeQl\codeql\javascript\tools\data\externs\web\webkit_dom.js (18 ms)
[2021-12-05 13:15:56] [build-stdout] Extracting E:\lalli\iot\codeQl\codeql\javascript\tools\data\externs\web\webkit_event.js
[2021-12-05 13:15:56] [build-stdout] Done extracting E:\lalli\iot\codeQl\codeql\javascript\tools\data\externs\web\webkit_event.js (4 ms)
[2021-12-05 13:15:56] [build-stdout] Extracting E:\lalli\iot\codeQl\codeql\javascript\tools\data\externs\web\webkit_notifications.js
[2021-12-05 13:15:56] [build-stdout] Done extracting E:\lalli\iot\codeQl\codeql\javascript\tools\data\externs\web\webkit_notifications.js (14 ms)
[2021-12-05 13:15:56] [build-stdout] Extracting E:\lalli\iot\codeQl\codeql\javascript\tools\data\externs\web\webkit_usercontent.js
[2021-12-05 13:15:56] [build-stdout] Done extracting E:\lalli\iot\codeQl\codeql\javascript\tools\data\externs\web\webkit_usercontent.js (8 ms)
[2021-12-05 13:15:56] [build-stdout] Extracting E:\lalli\iot\codeQl\codeql\javascript\tools\data\externs\web\webstorage.js
[2021-12-05 13:15:56] [build-stdout] Done extracting E:\lalli\iot\codeQl\codeql\javascript\tools\data\externs\web\webstorage.js (7 ms)
[2021-12-05 13:15:56] [build-stdout] Extracting E:\lalli\iot\codeQl\codeql\javascript\tools\data\externs\web\whatwg_encoding.js
[2021-12-05 13:15:56] [build-stdout] Done extracting E:\lalli\iot\codeQl\codeql\javascript\tools\data\externs\web\whatwg_encoding.js (7 ms)
[2021-12-05 13:15:56] [build-stdout] Extracting E:\lalli\iot\codeQl\codeql\javascript\tools\data\externs\web\window.js
[2021-12-05 13:15:56] [build-stdout] Done extracting E:\lalli\iot\codeQl\codeql\javascript\tools\data\externs\web\window.js (8 ms)
[2021-12-05 13:15:56] Plumbing command codeql database trace-command completed.
[2021-12-05 13:15:56] [PROGRESS] database create> Finalizing database at E:\lalli\iot\IoTLightningSystem\database.
[2021-12-05 13:15:56] Running plumbing command: codeql database finalize --mode=normal --no-db-cluster -- E:\lalli\iot\IoTLightningSystem\database
[2021-12-05 13:15:56] [PROGRESS] database finalize> Running TRAP import for CodeQL database at E:\lalli\iot\IoTLightningSystem\database...
[2021-12-05 13:15:56] Running plumbing command: codeql dataset import --dbscheme=E:\lalli\iot\codeQl\codeql\javascript\semmlecode.javascript.dbscheme -- E:\lalli\iot\IoTLightningSystem\database\db-javascript E:\lalli\iot\IoTLightningSystem\database\trap\javascript
[2021-12-05 13:15:56] Clearing disk cache since the version file E:\lalli\iot\IoTLightningSystem\database\db-javascript\default\cache\version does not exist
[2021-12-05 13:15:56] Tuple pool not found. Clearing relations with cached strings
[2021-12-05 13:15:56] Trimming disk cache at E:\lalli\iot\IoTLightningSystem\database\db-javascript\default\cache in mode brutal.
[2021-12-05 13:15:56] Sequence stamp origin is -6515764505419321376
[2021-12-05 13:15:56] Pausing evaluation to hard-clear memory at sequence stamp o+0
[2021-12-05 13:15:56] Unpausing evaluation
[2021-12-05 13:15:56] Pausing evaluation to quickly trim disk at sequence stamp o+1
[2021-12-05 13:15:56] Unpausing evaluation
[2021-12-05 13:15:56] Pausing evaluation to zealously trim disk at sequence stamp o+2
[2021-12-05 13:15:56] Unpausing evaluation
[2021-12-05 13:15:56] Trimming completed (8ms): Purged everything.
[2021-12-05 13:15:56] Scanning for files in E:\lalli\iot\IoTLightningSystem\database\trap\javascript
[2021-12-05 13:15:56] Importing assertFunction_index.js.trap.gz (1 of 121)
[2021-12-05 13:15:56] Importing checkLightOnDuration_index.js.trap.gz (2 of 121)
[2021-12-05 13:15:56] Importing index.js.trap.gz (3 of 121)
[2021-12-05 13:15:56] Importing bulb.js.trap.gz (4 of 121)
[2021-12-05 13:15:56] Importing sensor.js.trap.gz (5 of 121)
[2021-12-05 13:15:56] Importing assertFunction_index.js.trap.gz (6 of 121)
[2021-12-05 13:15:56] Importing checkLightOnDuration_index.js.trap.gz (7 of 121)
[2021-12-05 13:15:56] Importing index.js.trap.gz (8 of 121)
[2021-12-05 13:15:56] Importing bulb.js.trap.gz (9 of 121)
[2021-12-05 13:15:56] Importing sensor.js.trap.gz (10 of 121)
[2021-12-05 13:15:56] Importing es2016.js.trap.gz (11 of 121)
[2021-12-05 13:15:56] Importing es2017.js.trap.gz (12 of 121)
[2021-12-05 13:15:56] Importing es3.js.trap.gz (13 of 121)
[2021-12-05 13:15:56] Importing es5.js.trap.gz (14 of 121)
[2021-12-05 13:15:57] Importing es6.js.trap.gz (15 of 121)
[2021-12-05 13:15:57] Importing es6_collections.js.trap.gz (16 of 121)
[2021-12-05 13:15:57] Importing intl.js.trap.gz (17 of 121)
[2021-12-05 13:15:57] Importing proxy.js.trap.gz (18 of 121)
[2021-12-05 13:15:57] Importing bdd.js.trap.gz (19 of 121)
[2021-12-05 13:15:57] Importing jquery-3.2.js.trap.gz (20 of 121)
[2021-12-05 13:15:57] Importing should.js.trap.gz (21 of 121)
[2021-12-05 13:15:57] Importing vows.js.trap.gz (22 of 121)
[2021-12-05 13:15:57] Importing assert.js.trap.gz (23 of 121)
[2021-12-05 13:15:57] Importing assert_legacy.js.trap.gz (24 of 121)
[2021-12-05 13:15:57] Importing buffer.js.trap.gz (25 of 121)
[2021-12-05 13:15:57] Importing child_process.js.trap.gz (26 of 121)
[2021-12-05 13:15:57] Importing cluster.js.trap.gz (27 of 121)
[2021-12-05 13:15:57] Importing console.js.trap.gz (28 of 121)
[2021-12-05 13:15:57] Importing constants.js.trap.gz (29 of 121)
[2021-12-05 13:15:57] Importing crypto.js.trap.gz (30 of 121)
[2021-12-05 13:15:57] Importing dgram.js.trap.gz (31 of 121)
[2021-12-05 13:15:57] Importing dns.js.trap.gz (32 of 121)
[2021-12-05 13:15:57] Importing domain.js.trap.gz (33 of 121)
[2021-12-05 13:15:57] Importing events.js.trap.gz (34 of 121)
[2021-12-05 13:15:57] Importing fs.js.trap.gz (35 of 121)
[2021-12-05 13:15:57] Importing globals.js.trap.gz (36 of 121)
[2021-12-05 13:15:57] Importing http.js.trap.gz (37 of 121)
[2021-12-05 13:15:57] Importing https.js.trap.gz (38 of 121)
[2021-12-05 13:15:57] Importing module.js.trap.gz (39 of 121)
[2021-12-05 13:15:57] Importing net.js.trap.gz (40 of 121)
[2021-12-05 13:15:57] Importing os.js.trap.gz (41 of 121)
[2021-12-05 13:15:57] Importing path.js.trap.gz (42 of 121)
[2021-12-05 13:15:57] Importing process.js.trap.gz (43 of 121)
[2021-12-05 13:15:57] Importing punycode.js.trap.gz (44 of 121)
[2021-12-05 13:15:57] Importing querystring.js.trap.gz (45 of 121)
[2021-12-05 13:15:57] Importing readline.js.trap.gz (46 of 121)
[2021-12-05 13:15:57] Importing repl.js.trap.gz (47 of 121)
[2021-12-05 13:15:57] Importing stream.js.trap.gz (48 of 121)
[2021-12-05 13:15:57] Importing string_decoder.js.trap.gz (49 of 121)
[2021-12-05 13:15:57] Importing sys.js.trap.gz (50 of 121)
[2021-12-05 13:15:57] Importing timers.js.trap.gz (51 of 121)
[2021-12-05 13:15:57] Importing tls.js.trap.gz (52 of 121)
[2021-12-05 13:15:57] Importing tty.js.trap.gz (53 of 121)
[2021-12-05 13:15:57] Importing url.js.trap.gz (54 of 121)
[2021-12-05 13:15:57] Importing util.js.trap.gz (55 of 121)
[2021-12-05 13:15:57] Importing v8.js.trap.gz (56 of 121)
[2021-12-05 13:15:57] Importing vm.js.trap.gz (57 of 121)
[2021-12-05 13:15:58] Importing zlib.js.trap.gz (58 of 121)
[2021-12-05 13:15:58] Importing jsshell.js.trap.gz (59 of 121)
[2021-12-05 13:15:58] Importing rhino.js.trap.gz (60 of 121)
[2021-12-05 13:15:58] Importing spidermonkey.js.trap.gz (61 of 121)
[2021-12-05 13:15:58] Importing v8.js.trap.gz (62 of 121)
[2021-12-05 13:15:58] Importing chrome.js.trap.gz (63 of 121)
[2021-12-05 13:15:58] Importing fetchapi.js.trap.gz (64 of 121)
[2021-12-05 13:15:58] Importing fileapi.js.trap.gz (65 of 121)
[2021-12-05 13:15:58] Importing flash.js.trap.gz (66 of 121)
[2021-12-05 13:15:58] Importing gecko_css.js.trap.gz (67 of 121)
[2021-12-05 13:15:58] Importing gecko_dom.js.trap.gz (68 of 121)
[2021-12-05 13:15:58] Importing gecko_event.js.trap.gz (69 of 121)
[2021-12-05 13:15:58] Importing gecko_ext.js.trap.gz (70 of 121)
[2021-12-05 13:15:58] Importing gecko_xml.js.trap.gz (71 of 121)
[2021-12-05 13:15:58] Importing html5.js.trap.gz (72 of 121)
[2021-12-05 13:15:58] Importing ie_css.js.trap.gz (73 of 121)
[2021-12-05 13:15:58] Importing ie_dom.js.trap.gz (74 of 121)
[2021-12-05 13:15:58] Importing ie_event.js.trap.gz (75 of 121)
[2021-12-05 13:15:58] Importing ie_vml.js.trap.gz (76 of 121)
[2021-12-05 13:15:58] Importing intl.js.trap.gz (77 of 121)
[2021-12-05 13:15:58] Importing iphone.js.trap.gz (78 of 121)
[2021-12-05 13:15:58] Importing mediasource.js.trap.gz (79 of 121)
[2021-12-05 13:15:58] Importing page_visibility.js.trap.gz (80 of 121)
[2021-12-05 13:15:58] Importing streamsapi.js.trap.gz (81 of 121)
[2021-12-05 13:15:58] Importing url.js.trap.gz (82 of 121)
[2021-12-05 13:15:58] Importing w3c_anim_timing.js.trap.gz (83 of 121)
[2021-12-05 13:15:58] Importing w3c_batterystatus.js.trap.gz (84 of 121)
[2021-12-05 13:15:58] Importing w3c_css.js.trap.gz (85 of 121)
[2021-12-05 13:15:58] Importing w3c_css3d.js.trap.gz (86 of 121)
[2021-12-05 13:15:58] Importing w3c_device_sensor_event.js.trap.gz (87 of 121)
[2021-12-05 13:15:58] Importing w3c_dom1.js.trap.gz (88 of 121)
[2021-12-05 13:15:58] Importing w3c_dom2.js.trap.gz (89 of 121)
[2021-12-05 13:15:58] Importing w3c_dom3.js.trap.gz (90 of 121)
[2021-12-05 13:15:58] Importing w3c_dom4.js.trap.gz (91 of 121)
[2021-12-05 13:15:58] Importing w3c_elementtraversal.js.trap.gz (92 of 121)
[2021-12-05 13:15:58] Importing w3c_encoding.js.trap.gz (93 of 121)
[2021-12-05 13:15:58] Importing w3c_event.js.trap.gz (94 of 121)
[2021-12-05 13:15:58] Importing w3c_event3.js.trap.gz (95 of 121)
[2021-12-05 13:15:58] Importing w3c_gamepad.js.trap.gz (96 of 121)
[2021-12-05 13:15:58] Importing w3c_geolocation.js.trap.gz (97 of 121)
[2021-12-05 13:15:58] Importing w3c_indexeddb.js.trap.gz (98 of 121)
[2021-12-05 13:15:58] Importing w3c_midi.js.trap.gz (99 of 121)
[2021-12-05 13:15:58] Importing w3c_navigation_timing.js.trap.gz (100 of 121)
[2021-12-05 13:15:58] Importing w3c_permissions.js.trap.gz (101 of 121)
[2021-12-05 13:15:58] Importing w3c_pointer_events.js.trap.gz (102 of 121)
[2021-12-05 13:15:58] Importing w3c_range.js.trap.gz (103 of 121)
[2021-12-05 13:15:58] Importing w3c_requestidlecallback.js.trap.gz (104 of 121)
[2021-12-05 13:15:58] Importing w3c_rtc.js.trap.gz (105 of 121)
[2021-12-05 13:15:58] Importing w3c_screen_orientation.js.trap.gz (106 of 121)
[2021-12-05 13:15:58] Importing w3c_selectors.js.trap.gz (107 of 121)
[2021-12-05 13:15:58] Importing w3c_serviceworker.js.trap.gz (108 of 121)
[2021-12-05 13:15:58] Importing w3c_touch_event.js.trap.gz (109 of 121)
[2021-12-05 13:15:58] Importing w3c_webcrypto.js.trap.gz (110 of 121)
[2021-12-05 13:15:58] Importing w3c_xml.js.trap.gz (111 of 121)
[2021-12-05 13:15:58] Importing webgl.js.trap.gz (112 of 121)
[2021-12-05 13:15:58] Importing webkit_css.js.trap.gz (113 of 121)
[2021-12-05 13:15:58] Importing webkit_dom.js.trap.gz (114 of 121)
[2021-12-05 13:15:58] Importing webkit_event.js.trap.gz (115 of 121)
[2021-12-05 13:15:58] Importing webkit_notifications.js.trap.gz (116 of 121)
[2021-12-05 13:15:58] Importing webkit_usercontent.js.trap.gz (117 of 121)
[2021-12-05 13:15:58] Importing webstorage.js.trap.gz (118 of 121)
[2021-12-05 13:15:58] Importing whatwg_encoding.js.trap.gz (119 of 121)
[2021-12-05 13:15:58] Importing window.js.trap.gz (120 of 121)
[2021-12-05 13:15:58] Importing sourceLocationPrefix.trap.gz (121 of 121)
[2021-12-05 13:15:59] Merging 1 fragment for files.
[2021-12-05 13:15:59] Merging 1 fragment for folders.
[2021-12-05 13:15:59] Merging 1 fragment for containerparent.
[2021-12-05 13:15:59] Merging 2 fragments for locations_default.
[2021-12-05 13:15:59] Merging 3 fragments for hasLocation.
[2021-12-05 13:15:59] Merging 1 fragment for extraction_data.
[2021-12-05 13:15:59] Merging 1 fragment for scopes.
[2021-12-05 13:15:59] Merging 1 fragment for json.
[2021-12-05 13:15:59] Merging 1 fragment for json_locations.
[2021-12-05 13:15:59] Merging 1 fragment for json_literals.
[2021-12-05 13:15:59] Merging 1 fragment for json_properties.
[2021-12-05 13:15:59] Merging 1 fragment for numlines.
[2021-12-05 13:15:59] Merging 1 fragment for filetype.
[2021-12-05 13:15:59] Merging 1 fragment for extraction_time.
[2021-12-05 13:15:59] Merging 1 fragment for indentation.
[2021-12-05 13:15:59] Merging 1 fragment for tokeninfo.
[2021-12-05 13:15:59] Merging 1 fragment for toplevels.
[2021-12-05 13:15:59] Merging 1 fragment for variables.
[2021-12-05 13:15:59] Merging 1 fragment for scopenodes.
[2021-12-05 13:15:59] Merging 1 fragment for scopenesting.
[2021-12-05 13:15:59] Merging 1 fragment for is_module.
[2021-12-05 13:15:59] Merging 1 fragment for stmts.
[2021-12-05 13:15:59] Merging 1 fragment for stmt_containers.
[2021-12-05 13:15:59] Merging 1 fragment for exprs.
[2021-12-05 13:15:59] Merging 1 fragment for enclosing_stmt.
[2021-12-05 13:15:59] Merging 1 fragment for expr_containers.
[2021-12-05 13:15:59] Merging 1 fragment for literals.
[2021-12-05 13:15:59] Merging 1 fragment for bind.
[2021-12-05 13:15:59] Merging 1 fragment for decl.
[2021-12-05 13:15:59] Merging 1 fragment for is_async.
[2021-12-05 13:15:59] Merging 1 fragment for regexpterm.
[2021-12-05 13:15:59] Merging 1 fragment for regexp_const_value.
[2021-12-05 13:15:59] Merging 1 fragment for entry_cfg_node.
[2021-12-05 13:15:59] Merging 1 fragment for exit_cfg_node.
[2021-12-05 13:15:59] Merging 1 fragment for successor.
[2021-12-05 13:15:59] Merging 1 fragment for is_nodejs.
[2021-12-05 13:15:59] Merging 1 fragment for comments.
[2021-12-05 13:15:59] Merging 1 fragment for next_token.
[2021-12-05 13:15:59] Merging 1 fragment for properties.
[2021-12-05 13:15:59] Merging 1 fragment for is_arguments_object.
[2021-12-05 13:15:59] Merging 1 fragment for guard_node.
[2021-12-05 13:15:59] Merging 1 fragment for jsdoc.
[2021-12-05 13:15:59] Merging 1 fragment for jsdoc_tags.
[2021-12-05 13:15:59] Merging 1 fragment for jsdoc_tag_descriptions.
[2021-12-05 13:15:59] Merging 1 fragment for jsdoc_tag_names.
[2021-12-05 13:15:59] Merging 1 fragment for jsdoc_type_exprs.
[2021-12-05 13:15:59] Merging 1 fragment for is_externs.
[2021-12-05 13:15:59] Merging 1 fragment for jsdoc_prefix_qualifier.
[2021-12-05 13:15:59] Merging 1 fragment for jsdoc_errors.
[2021-12-05 13:15:59] Merging 1 fragment for jsdoc_record_field_name.
[2021-12-05 13:15:59] Merging 1 fragment for jsdoc_has_new_parameter.
[2021-12-05 13:15:59] Merging 1 fragment for sourceLocationPrefix.
[2021-12-05 13:15:59] Saving string and id pools to disk.
[2021-12-05 13:16:00] Finished importing trap files.
[2021-12-05 13:16:00] Pausing evaluation to close the cache at sequence stamp o+3
[2021-12-05 13:16:00] The disk cache is freshly trimmed; leave it be.
[2021-12-05 13:16:00] Unpausing evaluation
[2021-12-05 13:16:00] Plumbing command codeql dataset import completed.
[2021-12-05 13:16:00] [PROGRESS] database finalize> TRAP import complete (3.9s).
[2021-12-05 13:16:00] Running plumbing command: codeql database cleanup --mode=normal -- E:\lalli\iot\IoTLightningSystem\database
[2021-12-05 13:16:00] [PROGRESS] database cleanup> Cleaning up existing TRAP files after import...
[2021-12-05 13:16:00] [PROGRESS] database cleanup> TRAP files cleaned up (24ms).
[2021-12-05 13:16:00] [PROGRESS] database cleanup> Cleaning up scratch directory...
[2021-12-05 13:16:00] [PROGRESS] database cleanup> Scratch directory cleaned up (0ms).
[2021-12-05 13:16:00] Running plumbing command: codeql dataset cleanup --mode=normal -- E:\lalli\iot\IoTLightningSystem\database\db-javascript
[2021-12-05 13:16:00] [PROGRESS] dataset cleanup> Cleaning up dataset in E:\lalli\iot\IoTLightningSystem\database\db-javascript.
[2021-12-05 13:16:00] Trimming disk cache at E:\lalli\iot\IoTLightningSystem\database\db-javascript\default\cache in mode normal.
[2021-12-05 13:16:00] Sequence stamp origin is -6515764485552408553
[2021-12-05 13:16:00] Pausing evaluation to zealously trim disk at sequence stamp o+0
[2021-12-05 13:16:00] Unpausing evaluation
[2021-12-05 13:16:00] Trimming completed (2ms): Trimmed disposable data from cache.
[2021-12-05 13:16:00] Pausing evaluation to close the cache at sequence stamp o+1
[2021-12-05 13:16:00] The disk cache is freshly trimmed; leave it be.
[2021-12-05 13:16:00] Unpausing evaluation
[2021-12-05 13:16:00] [PROGRESS] dataset cleanup> Trimmed disposable data from cache.
[2021-12-05 13:16:00] [PROGRESS] dataset cleanup> Finalizing dataset in E:\lalli\iot\IoTLightningSystem\database\db-javascript
[2021-12-05 13:16:00] [DETAILS] dataset cleanup> Finished deleting ID pool from E:\lalli\iot\IoTLightningSystem\database\db-javascript (4ms).
[2021-12-05 13:16:00] Plumbing command codeql dataset cleanup completed.
[2021-12-05 13:16:00] Plumbing command codeql database cleanup completed with status 0.
[2021-12-05 13:16:00] Plumbing command codeql database finalize completed.
[2021-12-05 13:16:00] [PROGRESS] database create> Successfully created database at E:\lalli\iot\IoTLightningSystem\database.
[2021-12-05 13:16:00] Terminating normally.
